<?xml version="1.0" encoding="UTF-8" standalone="no"?>
<beans xmlns="http://www.springframework.org/schema/beans"
       xmlns:context="http://www.springframework.org/schema/context"
       xmlns:xsi="http://www.w3.org/2001/XMLSchema-instance"
       xmlns:neo4j="http://www.springframework.org/schema/data/neo4j"
       xmlns:tx="http://www.springframework.org/schema/tx"
       xmlns:util="http://www.springframework.org/schema/util"
       xsi:schemaLocation="
        http://www.springframework.org/schema/beans 
       	http://www.springframework.org/schema/beans/spring-beans.xsd
		http://www.springframework.org/schema/context 
		http://www.springframework.org/schema/context/spring-context.xsd
		http://www.springframework.org/schema/data/neo4j 
		http://www.springframework.org/schema/data/neo4j/spring-neo4j.xsd 
		http://www.springframework.org/schema/tx 
		http://www.springframework.org/schema/tx/spring-tx.xsd
		http://www.springframework.org/schema/util 
		http://www.springframework.org/schema/util/spring-util.xsd">

    <context:annotation-config/>
    <context:spring-configured/>
    <context:component-scan base-package="at.freebim.db"/>
    <context:component-scan base-package="net.spectroom.neo4j.backup" />

    <neo4j:config base-package="at.freebim.db" graphDatabaseService="graphDatabaseService"/>
    <neo4j:repositories base-package="at.freebim.db.repository"/>

    <bean id="graphDatabaseService" class="org.neo4j.test.ImpermanentGraphDatabase" destroy-method="shutdown"/>
	
	<bean id="passwordEncoder" class="org.springframework.security.authentication.encoding.Md5PasswordEncoder" />
	<util:properties id="props" location="classpath:freebim.properties"/>
	
    <tx:annotation-driven mode="proxy"/>
    
 	<bean id="validator" class="org.springframework.validation.beanvalidation.LocalValidatorFactoryBean"/>
    
    <bean class="org.springframework.beans.factory.config.PropertyPlaceholderConfigurer">
        <property name="ignoreResourceNotFound" value="true" />
        <property name="locations">
            <list>
                <value>classpath:freebim.properties</value>
            </list>
        </property>
    </bean>
    
    <bean id="taskExecutor"
        class="org.springframework.scheduling.concurrent.ThreadPoolTaskExecutor">
        <property name="corePoolSize" value="5" />
        <property name="maxPoolSize" value="10" />
        <property name="WaitForTasksToCompleteOnShutdown" value="true" />
    </bean>
</beans>